[0.043s] DEBUG:colcon:Command line arguments: ['/usr/bin/colcon', 'list', '-p', '--base-paths', '/home/benjamin/github-repos/Evolo-Cam']
[0.044s] DEBUG:colcon:Parsed command line arguments: Namespace(log_base=None, log_level=None, verb_name='list', build_base='build', ignore_user_meta=False, metas=['./colcon.meta'], base_paths=['/home/benjamin/github-repos/Evolo-Cam'], packages_ignore=None, packages_ignore_regex=None, paths=None, packages_up_to=None, packages_up_to_regex=None, packages_above=None, packages_above_and_dependencies=None, packages_above_depth=None, packages_select_by_dep=None, packages_skip_by_dep=None, packages_skip_up_to=None, packages_select_build_failed=False, packages_skip_build_finished=False, packages_select_test_failures=False, packages_skip_test_passed=False, packages_select=None, packages_skip=None, packages_select_regex=None, packages_skip_regex=None, packages_start=None, packages_end=None, allow_overriding=[], topological_order=False, names_only=False, paths_only=True, topological_graph=False, topological_graph_dot=False, topological_graph_density=False, topological_graph_legend=False, topological_graph_dot_cluster=False, topological_graph_dot_include_skipped=False, verb_parser=<colcon_defaults.argument_parser.defaults.DefaultArgumentsDecorator object at 0xffff9dd9e410>, verb_extension=<colcon_package_information.verb.list.ListVerb object at 0xffff9df82bc0>, main=<bound method ListVerb.main of <colcon_package_information.verb.list.ListVerb object at 0xffff9df82bc0>>)
[0.107s] Level 1:colcon.colcon_core.package_discovery:discover_packages(colcon_meta) check parameters
[0.107s] Level 1:colcon.colcon_core.package_discovery:discover_packages(recursive) check parameters
[0.107s] Level 1:colcon.colcon_core.package_discovery:discover_packages(ignore) check parameters
[0.107s] Level 1:colcon.colcon_core.package_discovery:discover_packages(path) check parameters
[0.107s] Level 1:colcon.colcon_core.package_discovery:discover_packages(recursive) discover
[0.107s] INFO:colcon.colcon_core.package_discovery:Crawling recursively for packages in '/home/benjamin/github-repos/Evolo-Cam'
[0.107s] Level 1:colcon.colcon_core.package_identification:_identify(/home/benjamin/github-repos/Evolo-Cam) by extensions ['ignore', 'ignore_ament_install']
[0.107s] Level 1:colcon.colcon_core.package_identification:_identify(/home/benjamin/github-repos/Evolo-Cam) by extension 'ignore'
[0.107s] Level 1:colcon.colcon_core.package_identification:_identify(/home/benjamin/github-repos/Evolo-Cam) by extension 'ignore_ament_install'
[0.107s] Level 1:colcon.colcon_core.package_identification:_identify(/home/benjamin/github-repos/Evolo-Cam) by extensions ['colcon_pkg']
[0.107s] Level 1:colcon.colcon_core.package_identification:_identify(/home/benjamin/github-repos/Evolo-Cam) by extension 'colcon_pkg'
[0.107s] Level 1:colcon.colcon_core.package_identification:_identify(/home/benjamin/github-repos/Evolo-Cam) by extensions ['colcon_meta']
[0.107s] Level 1:colcon.colcon_core.package_identification:_identify(/home/benjamin/github-repos/Evolo-Cam) by extension 'colcon_meta'
[0.107s] Level 1:colcon.colcon_core.package_identification:_identify(/home/benjamin/github-repos/Evolo-Cam) by extensions ['ros']
[0.107s] Level 1:colcon.colcon_core.package_identification:_identify(/home/benjamin/github-repos/Evolo-Cam) by extension 'ros'
[0.114s] Level 1:colcon.colcon_core.package_identification:_identify(/home/benjamin/github-repos/Evolo-Cam) by extensions ['cmake', 'python']
[0.114s] Level 1:colcon.colcon_core.package_identification:_identify(/home/benjamin/github-repos/Evolo-Cam) by extension 'cmake'
[0.115s] Level 1:colcon.colcon_core.package_identification:_identify(/home/benjamin/github-repos/Evolo-Cam) by extension 'python'
[0.115s] Level 1:colcon.colcon_core.package_identification:_identify(/home/benjamin/github-repos/Evolo-Cam) by extensions ['python_setup_py']
[0.115s] Level 1:colcon.colcon_core.package_identification:_identify(/home/benjamin/github-repos/Evolo-Cam) by extension 'python_setup_py'
[0.115s] Level 1:colcon.colcon_core.package_identification:_identify(/home/benjamin/github-repos/Evolo-Cam/build) by extensions ['ignore', 'ignore_ament_install']
[0.115s] Level 1:colcon.colcon_core.package_identification:_identify(/home/benjamin/github-repos/Evolo-Cam/build) by extension 'ignore'
[0.115s] Level 1:colcon.colcon_core.package_identification:_identify(/home/benjamin/github-repos/Evolo-Cam/build) ignored
[0.115s] Level 1:colcon.colcon_core.package_identification:_identify(/home/benjamin/github-repos/Evolo-Cam/install) by extensions ['ignore', 'ignore_ament_install']
[0.115s] Level 1:colcon.colcon_core.package_identification:_identify(/home/benjamin/github-repos/Evolo-Cam/install) by extension 'ignore'
[0.115s] Level 1:colcon.colcon_core.package_identification:_identify(/home/benjamin/github-repos/Evolo-Cam/install) ignored
[0.115s] Level 1:colcon.colcon_core.package_identification:_identify(/home/benjamin/github-repos/Evolo-Cam/log) by extensions ['ignore', 'ignore_ament_install']
[0.115s] Level 1:colcon.colcon_core.package_identification:_identify(/home/benjamin/github-repos/Evolo-Cam/log) by extension 'ignore'
[0.115s] Level 1:colcon.colcon_core.package_identification:_identify(/home/benjamin/github-repos/Evolo-Cam/log) ignored
[0.115s] Level 1:colcon.colcon_core.package_identification:_identify(/home/benjamin/github-repos/Evolo-Cam/src) by extensions ['ignore', 'ignore_ament_install']
[0.115s] Level 1:colcon.colcon_core.package_identification:_identify(/home/benjamin/github-repos/Evolo-Cam/src) by extension 'ignore'
[0.115s] Level 1:colcon.colcon_core.package_identification:_identify(/home/benjamin/github-repos/Evolo-Cam/src) by extension 'ignore_ament_install'
[0.115s] Level 1:colcon.colcon_core.package_identification:_identify(/home/benjamin/github-repos/Evolo-Cam/src) by extensions ['colcon_pkg']
[0.115s] Level 1:colcon.colcon_core.package_identification:_identify(/home/benjamin/github-repos/Evolo-Cam/src) by extension 'colcon_pkg'
[0.115s] Level 1:colcon.colcon_core.package_identification:_identify(/home/benjamin/github-repos/Evolo-Cam/src) by extensions ['colcon_meta']
[0.115s] Level 1:colcon.colcon_core.package_identification:_identify(/home/benjamin/github-repos/Evolo-Cam/src) by extension 'colcon_meta'
[0.115s] Level 1:colcon.colcon_core.package_identification:_identify(/home/benjamin/github-repos/Evolo-Cam/src) by extensions ['ros']
[0.115s] Level 1:colcon.colcon_core.package_identification:_identify(/home/benjamin/github-repos/Evolo-Cam/src) by extension 'ros'
[0.115s] Level 1:colcon.colcon_core.package_identification:_identify(/home/benjamin/github-repos/Evolo-Cam/src) by extensions ['cmake', 'python']
[0.115s] Level 1:colcon.colcon_core.package_identification:_identify(/home/benjamin/github-repos/Evolo-Cam/src) by extension 'cmake'
[0.115s] Level 1:colcon.colcon_core.package_identification:_identify(/home/benjamin/github-repos/Evolo-Cam/src) by extension 'python'
[0.115s] Level 1:colcon.colcon_core.package_identification:_identify(/home/benjamin/github-repos/Evolo-Cam/src) by extensions ['python_setup_py']
[0.115s] Level 1:colcon.colcon_core.package_identification:_identify(/home/benjamin/github-repos/Evolo-Cam/src) by extension 'python_setup_py'
[0.115s] Level 1:colcon.colcon_core.package_identification:_identify(/home/benjamin/github-repos/Evolo-Cam/src/test_package) by extensions ['ignore', 'ignore_ament_install']
[0.115s] Level 1:colcon.colcon_core.package_identification:_identify(/home/benjamin/github-repos/Evolo-Cam/src/test_package) by extension 'ignore'
[0.115s] Level 1:colcon.colcon_core.package_identification:_identify(/home/benjamin/github-repos/Evolo-Cam/src/test_package) by extension 'ignore_ament_install'
[0.115s] Level 1:colcon.colcon_core.package_identification:_identify(/home/benjamin/github-repos/Evolo-Cam/src/test_package) by extensions ['colcon_pkg']
[0.115s] Level 1:colcon.colcon_core.package_identification:_identify(/home/benjamin/github-repos/Evolo-Cam/src/test_package) by extension 'colcon_pkg'
[0.115s] Level 1:colcon.colcon_core.package_identification:_identify(/home/benjamin/github-repos/Evolo-Cam/src/test_package) by extensions ['colcon_meta']
[0.115s] Level 1:colcon.colcon_core.package_identification:_identify(/home/benjamin/github-repos/Evolo-Cam/src/test_package) by extension 'colcon_meta'
[0.115s] Level 1:colcon.colcon_core.package_identification:_identify(/home/benjamin/github-repos/Evolo-Cam/src/test_package) by extensions ['ros']
[0.115s] Level 1:colcon.colcon_core.package_identification:_identify(/home/benjamin/github-repos/Evolo-Cam/src/test_package) by extension 'ros'
[0.117s] DEBUG:colcon.colcon_core.package_identification:Package '/home/benjamin/github-repos/Evolo-Cam/src/test_package' with type 'ros.ament_python' and name 'test_package'
[0.117s] Level 1:colcon.colcon_core.package_discovery:discover_packages(recursive) using defaults
